<?xml version="1.0" encoding="UTF-8" standalone="no"?>
<testsuite failures="0" name="cucumber.runtime.formatter.JUnitFormatter" skipped="0" tests="1" time="19.444933">
<testcase classname="Free CRM login feature" name="Free CRM login Test Scenario" time="19.444933">
<system-out><![CDATA[Given user is allready on login page........................................passed
When title of login page is Free CRM........................................passed
Then user enter username....................................................passed
And user enter password.....................................................passed
Then click on login button..................................................passed
Then user on home page......................................................passed
And close the browser.......................................................passed
]]></system-out>
</testcase>
</testsuite>
