<?xml version="1.0" encoding="UTF-8" standalone="no"?>
<testsuite failures="0" name="cucumber.runtime.formatter.JUnitFormatter" skipped="0" tests="1" time="32.746106">
<testcase classname="Free CRM login feature" name="Free CRM login Test Scenario" time="32.746106">
<system-out><![CDATA[Given user is allready on login page........................................passed
When title of login page is Free CRM........................................passed
Then user enter username as "soumya456".....................................passed
And user enter password as "$oumya@12"......................................passed
Then click on login button..................................................passed
Then user on home page......................................................passed
And close the browser.......................................................passed
]]></system-out>
</testcase>
</testsuite>
